

Started GET "/" for 127.0.0.1 at 2015-02-17 20:23:17 -0800
Processing by Rails::WelcomeController#index as HTML
  Rendered /Users/yuenmeiwan/.rvm/gems/ruby-2.1.2@rails_decal/gems/railties-4.1.5/lib/rails/templates/rails/welcome/index.html.erb (1.4ms)
Completed 200 OK in 20ms (Views: 7.7ms | ActiveRecord: 0.0ms)


Started GET "/" for 127.0.0.1 at 2015-02-17 20:23:18 -0800
Processing by Rails::WelcomeController#index as HTML
  Rendered /Users/yuenmeiwan/.rvm/gems/ruby-2.1.2@rails_decal/gems/railties-4.1.5/lib/rails/templates/rails/welcome/index.html.erb (0.0ms)
Completed 200 OK in 1ms (Views: 0.8ms | ActiveRecord: 0.0ms)


Started GET "/home" for 127.0.0.1 at 2015-02-17 20:23:19 -0800
Processing by PagesController#home as HTML
  Rendered pages/home.html.erb within layouts/application (0.3ms)
Completed 200 OK in 590ms (Views: 589.5ms | ActiveRecord: 0.0ms)


Started GET "/assets/landing.css?body=1" for 127.0.0.1 at 2015-02-17 20:23:20 -0800


Started GET "/assets/pages.css?body=1" for 127.0.0.1 at 2015-02-17 20:23:20 -0800


Started GET "/assets/application.css?body=1" for 127.0.0.1 at 2015-02-17 20:23:20 -0800


Started GET "/assets/pages.js?body=1" for 127.0.0.1 at 2015-02-17 20:23:20 -0800


Started GET "/assets/bootstrap.min.css?body=1" for 127.0.0.1 at 2015-02-17 20:23:20 -0800


Started GET "/assets/jquery_ujs.js?body=1" for 127.0.0.1 at 2015-02-17 20:23:20 -0800


Started GET "/assets/turbolinks.js?body=1" for 127.0.0.1 at 2015-02-17 20:23:20 -0800


Started GET "/assets/jquery.js?body=1" for 127.0.0.1 at 2015-02-17 20:23:20 -0800


Started GET "/assets/bootstrap.min.js?body=1" for 127.0.0.1 at 2015-02-17 20:23:20 -0800


Started GET "/assets/application.js?body=1" for 127.0.0.1 at 2015-02-17 20:23:20 -0800


Started GET "/assets/banner-bg.jpg" for 127.0.0.1 at 2015-02-17 20:23:20 -0800


Started GET "/about" for 127.0.0.1 at 2015-02-17 20:23:27 -0800
Processing by PagesController#about as HTML
  Rendered pages/about.html.erb within layouts/application (15.0ms)
Completed 500 Internal Server Error in 17ms

ActionView::Template::Error (undefined local variable or method `root_path' for #<#<Class:0x007f93a3ad3c00>:0x007f93a3303c50>):
    14:     <div class="collapse navbar-collapse" id="bs-example-navbar-collapse-1">
    15:       <ul class="nav navbar-nav navbar-right">
    16:         <li>
    17:           <%= link_to 'Home', root_path %>
    18:         </li>
    19:         <li>
    20:           <a href="/about">About</a>
  app/views/pages/about.html.erb:17:in `_app_views_pages_about_html_erb___3339837972677813278_70136037381220'


  Rendered /Users/yuenmeiwan/.rvm/gems/ruby-2.1.2@rails_decal/gems/actionpack-4.1.5/lib/action_dispatch/middleware/templates/rescues/_trace.html.erb (2.0ms)
  Rendered /Users/yuenmeiwan/.rvm/gems/ruby-2.1.2@rails_decal/gems/actionpack-4.1.5/lib/action_dispatch/middleware/templates/rescues/_request_and_response.html.erb (1.3ms)
  Rendered /Users/yuenmeiwan/.rvm/gems/ruby-2.1.2@rails_decal/gems/actionpack-4.1.5/lib/action_dispatch/middleware/templates/rescues/template_error.html.erb within rescues/layout (15.7ms)


Started GET "/about" for 127.0.0.1 at 2015-02-17 20:23:27 -0800
Processing by PagesController#about as HTML
  Rendered pages/about.html.erb within layouts/application (7.2ms)
Completed 500 Internal Server Error in 9ms

ActionView::Template::Error (undefined local variable or method `root_path' for #<#<Class:0x007f93a3ad3c00>:0x007f93a51dec38>):
    14:     <div class="collapse navbar-collapse" id="bs-example-navbar-collapse-1">
    15:       <ul class="nav navbar-nav navbar-right">
    16:         <li>
    17:           <%= link_to 'Home', root_path %>
    18:         </li>
    19:         <li>
    20:           <a href="/about">About</a>
  app/views/pages/about.html.erb:17:in `_app_views_pages_about_html_erb___3339837972677813278_70136053557880'


  Rendered /Users/yuenmeiwan/.rvm/gems/ruby-2.1.2@rails_decal/gems/actionpack-4.1.5/lib/action_dispatch/middleware/templates/rescues/_trace.html.erb (1.8ms)
  Rendered /Users/yuenmeiwan/.rvm/gems/ruby-2.1.2@rails_decal/gems/actionpack-4.1.5/lib/action_dispatch/middleware/templates/rescues/_request_and_response.html.erb (1.2ms)
  Rendered /Users/yuenmeiwan/.rvm/gems/ruby-2.1.2@rails_decal/gems/actionpack-4.1.5/lib/action_dispatch/middleware/templates/rescues/template_error.html.erb within rescues/layout (13.5ms)


Started GET "/home" for 127.0.0.1 at 2015-02-17 20:23:32 -0800
Processing by PagesController#home as HTML
  Rendered pages/home.html.erb within layouts/application (0.3ms)
Completed 200 OK in 44ms (Views: 43.8ms | ActiveRecord: 0.0ms)


Started GET "/home" for 127.0.0.1 at 2015-02-17 20:26:39 -0800
Processing by PagesController#home as HTML
  Rendered pages/home.html.erb within layouts/application (0.8ms)
Completed 200 OK in 76ms (Views: 75.7ms | ActiveRecord: 0.0ms)


Started GET "/assets/landing.css?body=1" for 127.0.0.1 at 2015-02-17 20:26:39 -0800


Started GET "/assets/turbolinks.js?body=1" for 127.0.0.1 at 2015-02-17 20:26:39 -0800


Started GET "/assets/application.css?body=1" for 127.0.0.1 at 2015-02-17 20:26:39 -0800


Started GET "/assets/pages.js?body=1" for 127.0.0.1 at 2015-02-17 20:26:39 -0800


Started GET "/assets/pages.css?body=1" for 127.0.0.1 at 2015-02-17 20:26:39 -0800


Started GET "/assets/jquery_ujs.js?body=1" for 127.0.0.1 at 2015-02-17 20:26:39 -0800


Started GET "/assets/bootstrap.min.css?body=1" for 127.0.0.1 at 2015-02-17 20:26:39 -0800


Started GET "/assets/bootstrap.min.js?body=1" for 127.0.0.1 at 2015-02-17 20:26:39 -0800


Started GET "/assets/jquery.js?body=1" for 127.0.0.1 at 2015-02-17 20:26:39 -0800


Started GET "/assets/application.js?body=1" for 127.0.0.1 at 2015-02-17 20:26:39 -0800


Started GET "/about" for 127.0.0.1 at 2015-02-17 20:26:40 -0800
Processing by PagesController#about as HTML
  Rendered pages/about.html.erb within layouts/application (6.1ms)
Completed 500 Internal Server Error in 8ms

ActionView::Template::Error (undefined local variable or method `root_path' for #<#<Class:0x007f93a312cad0>:0x007f93a6fa6298>):
    14:     <div class="collapse navbar-collapse" id="bs-example-navbar-collapse-1">
    15:       <ul class="nav navbar-nav navbar-right">
    16:         <li>
    17:           <%= link_to 'Home', root_path %>
    18:         </li>
    19:         <li>
    20:           <a href="/about">About</a>
  app/views/pages/about.html.erb:17:in `_app_views_pages_about_html_erb___3339837972677813278_70136069170440'


  Rendered /Users/yuenmeiwan/.rvm/gems/ruby-2.1.2@rails_decal/gems/actionpack-4.1.5/lib/action_dispatch/middleware/templates/rescues/_trace.html.erb (0.9ms)
  Rendered /Users/yuenmeiwan/.rvm/gems/ruby-2.1.2@rails_decal/gems/actionpack-4.1.5/lib/action_dispatch/middleware/templates/rescues/_request_and_response.html.erb (0.6ms)
  Rendered /Users/yuenmeiwan/.rvm/gems/ruby-2.1.2@rails_decal/gems/actionpack-4.1.5/lib/action_dispatch/middleware/templates/rescues/template_error.html.erb within rescues/layout (8.3ms)


Started GET "/about" for 127.0.0.1 at 2015-02-17 20:26:40 -0800
Processing by PagesController#about as HTML
  Rendered pages/about.html.erb within layouts/application (6.5ms)
Completed 500 Internal Server Error in 8ms

ActionView::Template::Error (undefined local variable or method `root_path' for #<#<Class:0x007f93a312cad0>:0x007f93a6f2e5b8>):
    14:     <div class="collapse navbar-collapse" id="bs-example-navbar-collapse-1">
    15:       <ul class="nav navbar-nav navbar-right">
    16:         <li>
    17:           <%= link_to 'Home', root_path %>
    18:         </li>
    19:         <li>
    20:           <a href="/about">About</a>
  app/views/pages/about.html.erb:17:in `_app_views_pages_about_html_erb___3339837972677813278_70136068925700'


  Rendered /Users/yuenmeiwan/.rvm/gems/ruby-2.1.2@rails_decal/gems/actionpack-4.1.5/lib/action_dispatch/middleware/templates/rescues/_trace.html.erb (1.0ms)
  Rendered /Users/yuenmeiwan/.rvm/gems/ruby-2.1.2@rails_decal/gems/actionpack-4.1.5/lib/action_dispatch/middleware/templates/rescues/_request_and_response.html.erb (0.8ms)
  Rendered /Users/yuenmeiwan/.rvm/gems/ruby-2.1.2@rails_decal/gems/actionpack-4.1.5/lib/action_dispatch/middleware/templates/rescues/template_error.html.erb within rescues/layout (9.1ms)


Started GET "/about" for 127.0.0.1 at 2015-02-17 20:26:58 -0800

ArgumentError (Missing :action key on routes definition, please check your routes.):
  config/routes.rb:2:in `block in <top (required)>'
  config/routes.rb:1:in `<top (required)>'


  Rendered /Users/yuenmeiwan/.rvm/gems/ruby-2.1.2@rails_decal/gems/actionpack-4.1.5/lib/action_dispatch/middleware/templates/rescues/_source.erb (0.8ms)
  Rendered /Users/yuenmeiwan/.rvm/gems/ruby-2.1.2@rails_decal/gems/actionpack-4.1.5/lib/action_dispatch/middleware/templates/rescues/_trace.html.erb (0.9ms)
  Rendered /Users/yuenmeiwan/.rvm/gems/ruby-2.1.2@rails_decal/gems/actionpack-4.1.5/lib/action_dispatch/middleware/templates/rescues/_request_and_response.html.erb (0.9ms)
  Rendered /Users/yuenmeiwan/.rvm/gems/ruby-2.1.2@rails_decal/gems/actionpack-4.1.5/lib/action_dispatch/middleware/templates/rescues/diagnostics.erb within rescues/layout (13.6ms)


Started GET "/about" for 127.0.0.1 at 2015-02-17 20:27:20 -0800
Processing by PagesController#about as HTML
  Rendered pages/about.html.erb within layouts/application (8.2ms)
Completed 500 Internal Server Error in 10ms

ActionView::Template::Error (undefined local variable or method `root_path' for #<#<Class:0x007f93a6df4828>:0x007f93a4f0bd58>):
    14:     <div class="collapse navbar-collapse" id="bs-example-navbar-collapse-1">
    15:       <ul class="nav navbar-nav navbar-right">
    16:         <li>
    17:           <%= link_to 'Home', root_path %>
    18:         </li>
    19:         <li>
    20:           <a href="/about">About</a>
  app/views/pages/about.html.erb:17:in `_app_views_pages_about_html_erb___3339837972677813278_70136052077620'


  Rendered /Users/yuenmeiwan/.rvm/gems/ruby-2.1.2@rails_decal/gems/actionpack-4.1.5/lib/action_dispatch/middleware/templates/rescues/_trace.html.erb (1.0ms)
  Rendered /Users/yuenmeiwan/.rvm/gems/ruby-2.1.2@rails_decal/gems/actionpack-4.1.5/lib/action_dispatch/middleware/templates/rescues/_request_and_response.html.erb (0.6ms)
  Rendered /Users/yuenmeiwan/.rvm/gems/ruby-2.1.2@rails_decal/gems/actionpack-4.1.5/lib/action_dispatch/middleware/templates/rescues/template_error.html.erb within rescues/layout (9.5ms)


Started GET "/about" for 127.0.0.1 at 2015-02-17 20:28:33 -0800
Processing by PagesController#about as HTML
  Rendered pages/about.html.erb within layouts/application (0.4ms)
Completed 200 OK in 51ms (Views: 50.9ms | ActiveRecord: 0.0ms)


Started GET "/assets/landing.css?body=1" for 127.0.0.1 at 2015-02-17 20:28:33 -0800


Started GET "/assets/turbolinks.js?body=1" for 127.0.0.1 at 2015-02-17 20:28:33 -0800


Started GET "/assets/pages.css?body=1" for 127.0.0.1 at 2015-02-17 20:28:33 -0800


Started GET "/assets/pages.js?body=1" for 127.0.0.1 at 2015-02-17 20:28:33 -0800


Started GET "/assets/bootstrap.min.css?body=1" for 127.0.0.1 at 2015-02-17 20:28:33 -0800


Started GET "/assets/application.css?body=1" for 127.0.0.1 at 2015-02-17 20:28:33 -0800


Started GET "/assets/jquery_ujs.js?body=1" for 127.0.0.1 at 2015-02-17 20:28:33 -0800


Started GET "/assets/bootstrap.min.js?body=1" for 127.0.0.1 at 2015-02-17 20:28:33 -0800


Started GET "/assets/jquery.js?body=1" for 127.0.0.1 at 2015-02-17 20:28:33 -0800


Started GET "/assets/application.js?body=1" for 127.0.0.1 at 2015-02-17 20:28:33 -0800


Started GET "/assets/banner-bg.jpg" for 127.0.0.1 at 2015-02-17 20:28:33 -0800


Started GET "/" for 127.0.0.1 at 2015-02-17 20:28:35 -0800
Processing by PagesController#home as HTML
  Rendered pages/home.html.erb within layouts/application (0.3ms)
Completed 200 OK in 44ms (Views: 43.9ms | ActiveRecord: 0.0ms)


Started GET "/about" for 127.0.0.1 at 2015-02-17 20:28:36 -0800
Processing by PagesController#about as HTML
  Rendered pages/about.html.erb within layouts/application (0.6ms)
Completed 200 OK in 48ms (Views: 47.5ms | ActiveRecord: 0.0ms)


Started GET "/about" for 127.0.0.1 at 2015-02-17 20:30:18 -0800
Processing by PagesController#about as HTML
  Rendered pages/about.html.erb within layouts/application (0.2ms)
Completed 200 OK in 65ms (Views: 64.4ms | ActiveRecord: 0.0ms)


Started GET "/assets/landing.css?body=1" for 127.0.0.1 at 2015-02-17 20:30:18 -0800


Started GET "/assets/pages.css?body=1" for 127.0.0.1 at 2015-02-17 20:30:18 -0800


Started GET "/assets/turbolinks.js?body=1" for 127.0.0.1 at 2015-02-17 20:30:18 -0800


Started GET "/assets/application.css?body=1" for 127.0.0.1 at 2015-02-17 20:30:18 -0800


Started GET "/assets/bootstrap.min.css?body=1" for 127.0.0.1 at 2015-02-17 20:30:18 -0800


Started GET "/assets/pages.js?body=1" for 127.0.0.1 at 2015-02-17 20:30:18 -0800


Started GET "/assets/jquery.js?body=1" for 127.0.0.1 at 2015-02-17 20:30:18 -0800


Started GET "/assets/application.js?body=1" for 127.0.0.1 at 2015-02-17 20:30:18 -0800


Started GET "/assets/jquery_ujs.js?body=1" for 127.0.0.1 at 2015-02-17 20:30:18 -0800


Started GET "/assets/bootstrap.min.js?body=1" for 127.0.0.1 at 2015-02-17 20:30:18 -0800


Started GET "/assets/me.jpg" for 127.0.0.1 at 2015-02-17 20:30:18 -0800


Started GET "/about" for 127.0.0.1 at 2015-02-17 20:32:33 -0800
Processing by PagesController#about as HTML
  Rendered pages/about.html.erb within layouts/application (0.4ms)
Completed 200 OK in 50ms (Views: 49.3ms | ActiveRecord: 0.0ms)


Started GET "/assets/landing.css?body=1" for 127.0.0.1 at 2015-02-17 20:32:33 -0800


Started GET "/assets/bootstrap.min.css?body=1" for 127.0.0.1 at 2015-02-17 20:32:33 -0800


Started GET "/assets/pages.css?body=1" for 127.0.0.1 at 2015-02-17 20:32:33 -0800


Started GET "/assets/application.css?body=1" for 127.0.0.1 at 2015-02-17 20:32:33 -0800


Started GET "/assets/jquery.js?body=1" for 127.0.0.1 at 2015-02-17 20:32:33 -0800


Started GET "/assets/pages.js?body=1" for 127.0.0.1 at 2015-02-17 20:32:33 -0800


Started GET "/assets/application.js?body=1" for 127.0.0.1 at 2015-02-17 20:32:33 -0800


Started GET "/assets/turbolinks.js?body=1" for 127.0.0.1 at 2015-02-17 20:32:33 -0800


Started GET "/assets/jquery_ujs.js?body=1" for 127.0.0.1 at 2015-02-17 20:32:33 -0800


Started GET "/assets/bootstrap.min.js?body=1" for 127.0.0.1 at 2015-02-17 20:32:33 -0800


Started GET "/about" for 127.0.0.1 at 2015-02-17 20:32:35 -0800
Processing by PagesController#about as HTML
  Rendered pages/about.html.erb within layouts/application (0.4ms)
Completed 200 OK in 43ms (Views: 42.6ms | ActiveRecord: 0.0ms)


Started GET "/about" for 127.0.0.1 at 2015-02-17 20:32:36 -0800
Processing by PagesController#about as HTML
  Rendered pages/about.html.erb within layouts/application (0.1ms)
Completed 200 OK in 39ms (Views: 38.2ms | ActiveRecord: 0.0ms)


Started GET "/" for 127.0.0.1 at 2015-02-17 20:32:37 -0800
Processing by PagesController#home as HTML
  Rendered pages/home.html.erb within layouts/application (0.3ms)
Completed 200 OK in 41ms (Views: 40.8ms | ActiveRecord: 0.0ms)


Started GET "/assets/banner-bg.jpg" for 127.0.0.1 at 2015-02-17 20:32:37 -0800


Started GET "/about" for 127.0.0.1 at 2015-02-17 20:32:39 -0800
Processing by PagesController#about as HTML
  Rendered pages/about.html.erb within layouts/application (0.1ms)
Completed 200 OK in 49ms (Views: 49.0ms | ActiveRecord: 0.0ms)


Started GET "/" for 127.0.0.1 at 2015-02-17 20:32:43 -0800
Processing by PagesController#home as HTML
  Rendered pages/home.html.erb within layouts/application (0.0ms)
Completed 200 OK in 46ms (Views: 45.3ms | ActiveRecord: 0.0ms)


Started GET "/about" for 127.0.0.1 at 2015-02-17 20:32:47 -0800
Processing by PagesController#about as HTML
  Rendered pages/about.html.erb within layouts/application (0.1ms)
Completed 200 OK in 39ms (Views: 38.4ms | ActiveRecord: 0.0ms)


Started GET "/about" for 127.0.0.1 at 2015-02-17 20:32:49 -0800
Processing by PagesController#about as HTML
  Rendered pages/about.html.erb within layouts/application (0.1ms)
Completed 200 OK in 41ms (Views: 41.0ms | ActiveRecord: 0.0ms)


Started GET "/about" for 127.0.0.1 at 2015-02-17 20:32:50 -0800
Processing by PagesController#about as HTML
  Rendered pages/about.html.erb within layouts/application (0.2ms)
Completed 200 OK in 63ms (Views: 62.2ms | ActiveRecord: 0.0ms)


Started GET "/about" for 127.0.0.1 at 2015-02-17 20:32:50 -0800
Processing by PagesController#about as HTML
  Rendered pages/about.html.erb within layouts/application (0.1ms)
Completed 200 OK in 44ms (Views: 44.0ms | ActiveRecord: 0.0ms)


Started GET "/apple-touch-icon-precomposed.png" for 127.0.0.1 at 2015-02-17 20:32:51 -0800

ActionController::RoutingError (No route matches [GET] "/apple-touch-icon-precomposed.png"):
  actionpack (4.1.5) lib/action_dispatch/middleware/debug_exceptions.rb:21:in `call'
  actionpack (4.1.5) lib/action_dispatch/middleware/show_exceptions.rb:30:in `call'
  railties (4.1.5) lib/rails/rack/logger.rb:38:in `call_app'
  railties (4.1.5) lib/rails/rack/logger.rb:20:in `block in call'
  activesupport (4.1.5) lib/active_support/tagged_logging.rb:68:in `block in tagged'
  activesupport (4.1.5) lib/active_support/tagged_logging.rb:26:in `tagged'
  activesupport (4.1.5) lib/active_support/tagged_logging.rb:68:in `tagged'
  railties (4.1.5) lib/rails/rack/logger.rb:20:in `call'
  actionpack (4.1.5) lib/action_dispatch/middleware/request_id.rb:21:in `call'
  rack (1.5.2) lib/rack/methodoverride.rb:21:in `call'
  rack (1.5.2) lib/rack/runtime.rb:17:in `call'
  activesupport (4.1.5) lib/active_support/cache/strategy/local_cache_middleware.rb:26:in `call'
  rack (1.5.2) lib/rack/lock.rb:17:in `call'
  actionpack (4.1.5) lib/action_dispatch/middleware/static.rb:64:in `call'
  rack (1.5.2) lib/rack/sendfile.rb:112:in `call'
  railties (4.1.5) lib/rails/engine.rb:514:in `call'
  railties (4.1.5) lib/rails/application.rb:144:in `call'
  rack (1.5.2) lib/rack/lock.rb:17:in `call'
  rack (1.5.2) lib/rack/content_length.rb:14:in `call'
  rack (1.5.2) lib/rack/handler/webrick.rb:60:in `service'
  /Users/yuenmeiwan/.rvm/rubies/ruby-2.1.2/lib/ruby/2.1.0/webrick/httpserver.rb:138:in `service'
  /Users/yuenmeiwan/.rvm/rubies/ruby-2.1.2/lib/ruby/2.1.0/webrick/httpserver.rb:94:in `run'
  /Users/yuenmeiwan/.rvm/rubies/ruby-2.1.2/lib/ruby/2.1.0/webrick/server.rb:295:in `block in start_thread'


  Rendered /Users/yuenmeiwan/.rvm/gems/ruby-2.1.2@rails_decal/gems/actionpack-4.1.5/lib/action_dispatch/middleware/templates/rescues/_trace.html.erb (0.7ms)
  Rendered /Users/yuenmeiwan/.rvm/gems/ruby-2.1.2@rails_decal/gems/actionpack-4.1.5/lib/action_dispatch/middleware/templates/routes/_route.html.erb (1.0ms)
  Rendered /Users/yuenmeiwan/.rvm/gems/ruby-2.1.2@rails_decal/gems/actionpack-4.1.5/lib/action_dispatch/middleware/templates/routes/_table.html.erb (6.1ms)
  Rendered /Users/yuenmeiwan/.rvm/gems/ruby-2.1.2@rails_decal/gems/actionpack-4.1.5/lib/action_dispatch/middleware/templates/rescues/routing_error.html.erb within rescues/layout (22.6ms)


Started GET "/apple-touch-icon.png" for 127.0.0.1 at 2015-02-17 20:32:51 -0800

ActionController::RoutingError (No route matches [GET] "/apple-touch-icon.png"):
  actionpack (4.1.5) lib/action_dispatch/middleware/debug_exceptions.rb:21:in `call'
  actionpack (4.1.5) lib/action_dispatch/middleware/show_exceptions.rb:30:in `call'
  railties (4.1.5) lib/rails/rack/logger.rb:38:in `call_app'
  railties (4.1.5) lib/rails/rack/logger.rb:20:in `block in call'
  activesupport (4.1.5) lib/active_support/tagged_logging.rb:68:in `block in tagged'
  activesupport (4.1.5) lib/active_support/tagged_logging.rb:26:in `tagged'
  activesupport (4.1.5) lib/active_support/tagged_logging.rb:68:in `tagged'
  railties (4.1.5) lib/rails/rack/logger.rb:20:in `call'
  actionpack (4.1.5) lib/action_dispatch/middleware/request_id.rb:21:in `call'
  rack (1.5.2) lib/rack/methodoverride.rb:21:in `call'
  rack (1.5.2) lib/rack/runtime.rb:17:in `call'
  activesupport (4.1.5) lib/active_support/cache/strategy/local_cache_middleware.rb:26:in `call'
  rack (1.5.2) lib/rack/lock.rb:17:in `call'
  actionpack (4.1.5) lib/action_dispatch/middleware/static.rb:64:in `call'
  rack (1.5.2) lib/rack/sendfile.rb:112:in `call'
  railties (4.1.5) lib/rails/engine.rb:514:in `call'
  railties (4.1.5) lib/rails/application.rb:144:in `call'
  rack (1.5.2) lib/rack/lock.rb:17:in `call'
  rack (1.5.2) lib/rack/content_length.rb:14:in `call'
  rack (1.5.2) lib/rack/handler/webrick.rb:60:in `service'
  /Users/yuenmeiwan/.rvm/rubies/ruby-2.1.2/lib/ruby/2.1.0/webrick/httpserver.rb:138:in `service'
  /Users/yuenmeiwan/.rvm/rubies/ruby-2.1.2/lib/ruby/2.1.0/webrick/httpserver.rb:94:in `run'
  /Users/yuenmeiwan/.rvm/rubies/ruby-2.1.2/lib/ruby/2.1.0/webrick/server.rb:295:in `block in start_thread'


  Rendered /Users/yuenmeiwan/.rvm/gems/ruby-2.1.2@rails_decal/gems/actionpack-4.1.5/lib/action_dispatch/middleware/templates/rescues/_trace.html.erb (0.6ms)
  Rendered /Users/yuenmeiwan/.rvm/gems/ruby-2.1.2@rails_decal/gems/actionpack-4.1.5/lib/action_dispatch/middleware/templates/routes/_route.html.erb (0.5ms)
  Rendered /Users/yuenmeiwan/.rvm/gems/ruby-2.1.2@rails_decal/gems/actionpack-4.1.5/lib/action_dispatch/middleware/templates/routes/_table.html.erb (0.7ms)
  Rendered /Users/yuenmeiwan/.rvm/gems/ruby-2.1.2@rails_decal/gems/actionpack-4.1.5/lib/action_dispatch/middleware/templates/rescues/routing_error.html.erb within rescues/layout (11.2ms)


Started GET "/about" for 127.0.0.1 at 2015-02-17 20:32:52 -0800
Processing by PagesController#about as HTML
  Rendered pages/about.html.erb within layouts/application (0.1ms)
Completed 200 OK in 42ms (Views: 41.4ms | ActiveRecord: 0.0ms)


Started GET "/about" for 127.0.0.1 at 2015-02-17 20:32:52 -0800
Processing by PagesController#about as HTML
  Rendered pages/about.html.erb within layouts/application (0.1ms)
Completed 200 OK in 48ms (Views: 47.5ms | ActiveRecord: 0.0ms)


Started GET "/about" for 127.0.0.1 at 2015-02-17 20:32:52 -0800
Processing by PagesController#about as HTML
  Rendered pages/about.html.erb within layouts/application (0.1ms)
Completed 200 OK in 45ms (Views: 44.2ms | ActiveRecord: 0.0ms)


Started GET "/" for 127.0.0.1 at 2015-02-17 20:33:20 -0800
Processing by PagesController#home as HTML
  Rendered pages/home.html.erb within layouts/application (0.0ms)
Completed 200 OK in 45ms (Views: 44.5ms | ActiveRecord: 0.0ms)


Started GET "/" for 127.0.0.1 at 2015-02-17 20:33:22 -0800
Processing by PagesController#home as HTML
  Rendered pages/home.html.erb within layouts/application (0.8ms)
Completed 200 OK in 65ms (Views: 64.0ms | ActiveRecord: 0.0ms)


Started GET "/assets/landing.css?body=1" for 127.0.0.1 at 2015-02-17 20:33:22 -0800


Started GET "/assets/pages.css?body=1" for 127.0.0.1 at 2015-02-17 20:33:22 -0800


Started GET "/assets/application.css?body=1" for 127.0.0.1 at 2015-02-17 20:33:22 -0800


Started GET "/assets/bootstrap.min.css?body=1" for 127.0.0.1 at 2015-02-17 20:33:22 -0800


Started GET "/assets/bootstrap.min.js?body=1" for 127.0.0.1 at 2015-02-17 20:33:22 -0800


Started GET "/assets/jquery_ujs.js?body=1" for 127.0.0.1 at 2015-02-17 20:33:22 -0800


Started GET "/assets/jquery.js?body=1" for 127.0.0.1 at 2015-02-17 20:33:22 -0800


Started GET "/assets/turbolinks.js?body=1" for 127.0.0.1 at 2015-02-17 20:33:22 -0800


Started GET "/assets/application.js?body=1" for 127.0.0.1 at 2015-02-17 20:33:22 -0800


Started GET "/assets/pages.js?body=1" for 127.0.0.1 at 2015-02-17 20:33:22 -0800


Started GET "/home" for 127.0.0.1 at 2015-02-17 20:33:25 -0800

ActionController::RoutingError (No route matches [GET] "/home"):
  actionpack (4.1.5) lib/action_dispatch/middleware/debug_exceptions.rb:21:in `call'
  actionpack (4.1.5) lib/action_dispatch/middleware/show_exceptions.rb:30:in `call'
  railties (4.1.5) lib/rails/rack/logger.rb:38:in `call_app'
  railties (4.1.5) lib/rails/rack/logger.rb:20:in `block in call'
  activesupport (4.1.5) lib/active_support/tagged_logging.rb:68:in `block in tagged'
  activesupport (4.1.5) lib/active_support/tagged_logging.rb:26:in `tagged'
  activesupport (4.1.5) lib/active_support/tagged_logging.rb:68:in `tagged'
  railties (4.1.5) lib/rails/rack/logger.rb:20:in `call'
  actionpack (4.1.5) lib/action_dispatch/middleware/request_id.rb:21:in `call'
  rack (1.5.2) lib/rack/methodoverride.rb:21:in `call'
  rack (1.5.2) lib/rack/runtime.rb:17:in `call'
  activesupport (4.1.5) lib/active_support/cache/strategy/local_cache_middleware.rb:26:in `call'
  rack (1.5.2) lib/rack/lock.rb:17:in `call'
  actionpack (4.1.5) lib/action_dispatch/middleware/static.rb:64:in `call'
  rack (1.5.2) lib/rack/sendfile.rb:112:in `call'
  railties (4.1.5) lib/rails/engine.rb:514:in `call'
  railties (4.1.5) lib/rails/application.rb:144:in `call'
  rack (1.5.2) lib/rack/lock.rb:17:in `call'
  rack (1.5.2) lib/rack/content_length.rb:14:in `call'
  rack (1.5.2) lib/rack/handler/webrick.rb:60:in `service'
  /Users/yuenmeiwan/.rvm/rubies/ruby-2.1.2/lib/ruby/2.1.0/webrick/httpserver.rb:138:in `service'
  /Users/yuenmeiwan/.rvm/rubies/ruby-2.1.2/lib/ruby/2.1.0/webrick/httpserver.rb:94:in `run'
  /Users/yuenmeiwan/.rvm/rubies/ruby-2.1.2/lib/ruby/2.1.0/webrick/server.rb:295:in `block in start_thread'


  Rendered /Users/yuenmeiwan/.rvm/gems/ruby-2.1.2@rails_decal/gems/actionpack-4.1.5/lib/action_dispatch/middleware/templates/rescues/_trace.html.erb (0.7ms)
  Rendered /Users/yuenmeiwan/.rvm/gems/ruby-2.1.2@rails_decal/gems/actionpack-4.1.5/lib/action_dispatch/middleware/templates/routes/_route.html.erb (1.5ms)
  Rendered /Users/yuenmeiwan/.rvm/gems/ruby-2.1.2@rails_decal/gems/actionpack-4.1.5/lib/action_dispatch/middleware/templates/routes/_table.html.erb (0.9ms)
  Rendered /Users/yuenmeiwan/.rvm/gems/ruby-2.1.2@rails_decal/gems/actionpack-4.1.5/lib/action_dispatch/middleware/templates/rescues/routing_error.html.erb within rescues/layout (13.1ms)


Started GET "/home" for 127.0.0.1 at 2015-02-17 20:33:25 -0800

ActionController::RoutingError (No route matches [GET] "/home"):
  actionpack (4.1.5) lib/action_dispatch/middleware/debug_exceptions.rb:21:in `call'
  actionpack (4.1.5) lib/action_dispatch/middleware/show_exceptions.rb:30:in `call'
  railties (4.1.5) lib/rails/rack/logger.rb:38:in `call_app'
  railties (4.1.5) lib/rails/rack/logger.rb:20:in `block in call'
  activesupport (4.1.5) lib/active_support/tagged_logging.rb:68:in `block in tagged'
  activesupport (4.1.5) lib/active_support/tagged_logging.rb:26:in `tagged'
  activesupport (4.1.5) lib/active_support/tagged_logging.rb:68:in `tagged'
  railties (4.1.5) lib/rails/rack/logger.rb:20:in `call'
  actionpack (4.1.5) lib/action_dispatch/middleware/request_id.rb:21:in `call'
  rack (1.5.2) lib/rack/methodoverride.rb:21:in `call'
  rack (1.5.2) lib/rack/runtime.rb:17:in `call'
  activesupport (4.1.5) lib/active_support/cache/strategy/local_cache_middleware.rb:26:in `call'
  rack (1.5.2) lib/rack/lock.rb:17:in `call'
  actionpack (4.1.5) lib/action_dispatch/middleware/static.rb:64:in `call'
  rack (1.5.2) lib/rack/sendfile.rb:112:in `call'
  railties (4.1.5) lib/rails/engine.rb:514:in `call'
  railties (4.1.5) lib/rails/application.rb:144:in `call'
  rack (1.5.2) lib/rack/lock.rb:17:in `call'
  rack (1.5.2) lib/rack/content_length.rb:14:in `call'
  rack (1.5.2) lib/rack/handler/webrick.rb:60:in `service'
  /Users/yuenmeiwan/.rvm/rubies/ruby-2.1.2/lib/ruby/2.1.0/webrick/httpserver.rb:138:in `service'
  /Users/yuenmeiwan/.rvm/rubies/ruby-2.1.2/lib/ruby/2.1.0/webrick/httpserver.rb:94:in `run'
  /Users/yuenmeiwan/.rvm/rubies/ruby-2.1.2/lib/ruby/2.1.0/webrick/server.rb:295:in `block in start_thread'


  Rendered /Users/yuenmeiwan/.rvm/gems/ruby-2.1.2@rails_decal/gems/actionpack-4.1.5/lib/action_dispatch/middleware/templates/rescues/_trace.html.erb (1.2ms)
  Rendered /Users/yuenmeiwan/.rvm/gems/ruby-2.1.2@rails_decal/gems/actionpack-4.1.5/lib/action_dispatch/middleware/templates/routes/_route.html.erb (0.7ms)
  Rendered /Users/yuenmeiwan/.rvm/gems/ruby-2.1.2@rails_decal/gems/actionpack-4.1.5/lib/action_dispatch/middleware/templates/routes/_table.html.erb (0.9ms)
  Rendered /Users/yuenmeiwan/.rvm/gems/ruby-2.1.2@rails_decal/gems/actionpack-4.1.5/lib/action_dispatch/middleware/templates/rescues/routing_error.html.erb within rescues/layout (17.7ms)


Started GET "/home" for 127.0.0.1 at 2015-02-17 20:35:16 -0800

ActionController::RoutingError (No route matches [GET] "/home"):
  actionpack (4.1.5) lib/action_dispatch/middleware/debug_exceptions.rb:21:in `call'
  actionpack (4.1.5) lib/action_dispatch/middleware/show_exceptions.rb:30:in `call'
  railties (4.1.5) lib/rails/rack/logger.rb:38:in `call_app'
  railties (4.1.5) lib/rails/rack/logger.rb:20:in `block in call'
  activesupport (4.1.5) lib/active_support/tagged_logging.rb:68:in `block in tagged'
  activesupport (4.1.5) lib/active_support/tagged_logging.rb:26:in `tagged'
  activesupport (4.1.5) lib/active_support/tagged_logging.rb:68:in `tagged'
  railties (4.1.5) lib/rails/rack/logger.rb:20:in `call'
  actionpack (4.1.5) lib/action_dispatch/middleware/request_id.rb:21:in `call'
  rack (1.5.2) lib/rack/methodoverride.rb:21:in `call'
  rack (1.5.2) lib/rack/runtime.rb:17:in `call'
  activesupport (4.1.5) lib/active_support/cache/strategy/local_cache_middleware.rb:26:in `call'
  rack (1.5.2) lib/rack/lock.rb:17:in `call'
  actionpack (4.1.5) lib/action_dispatch/middleware/static.rb:64:in `call'
  rack (1.5.2) lib/rack/sendfile.rb:112:in `call'
  railties (4.1.5) lib/rails/engine.rb:514:in `call'
  railties (4.1.5) lib/rails/application.rb:144:in `call'
  rack (1.5.2) lib/rack/lock.rb:17:in `call'
  rack (1.5.2) lib/rack/content_length.rb:14:in `call'
  rack (1.5.2) lib/rack/handler/webrick.rb:60:in `service'
  /Users/yuenmeiwan/.rvm/rubies/ruby-2.1.2/lib/ruby/2.1.0/webrick/httpserver.rb:138:in `service'
  /Users/yuenmeiwan/.rvm/rubies/ruby-2.1.2/lib/ruby/2.1.0/webrick/httpserver.rb:94:in `run'
  /Users/yuenmeiwan/.rvm/rubies/ruby-2.1.2/lib/ruby/2.1.0/webrick/server.rb:295:in `block in start_thread'


  Rendered /Users/yuenmeiwan/.rvm/gems/ruby-2.1.2@rails_decal/gems/actionpack-4.1.5/lib/action_dispatch/middleware/templates/rescues/_trace.html.erb (0.9ms)
  Rendered /Users/yuenmeiwan/.rvm/gems/ruby-2.1.2@rails_decal/gems/actionpack-4.1.5/lib/action_dispatch/middleware/templates/routes/_route.html.erb (1.0ms)
  Rendered /Users/yuenmeiwan/.rvm/gems/ruby-2.1.2@rails_decal/gems/actionpack-4.1.5/lib/action_dispatch/middleware/templates/routes/_table.html.erb (1.2ms)
  Rendered /Users/yuenmeiwan/.rvm/gems/ruby-2.1.2@rails_decal/gems/actionpack-4.1.5/lib/action_dispatch/middleware/templates/rescues/routing_error.html.erb within rescues/layout (13.9ms)


Started GET "/home" for 127.0.0.1 at 2015-02-17 20:35:19 -0800

ActionController::RoutingError (No route matches [GET] "/home"):
  actionpack (4.1.5) lib/action_dispatch/middleware/debug_exceptions.rb:21:in `call'
  actionpack (4.1.5) lib/action_dispatch/middleware/show_exceptions.rb:30:in `call'
  railties (4.1.5) lib/rails/rack/logger.rb:38:in `call_app'
  railties (4.1.5) lib/rails/rack/logger.rb:20:in `block in call'
  activesupport (4.1.5) lib/active_support/tagged_logging.rb:68:in `block in tagged'
  activesupport (4.1.5) lib/active_support/tagged_logging.rb:26:in `tagged'
  activesupport (4.1.5) lib/active_support/tagged_logging.rb:68:in `tagged'
  railties (4.1.5) lib/rails/rack/logger.rb:20:in `call'
  actionpack (4.1.5) lib/action_dispatch/middleware/request_id.rb:21:in `call'
  rack (1.5.2) lib/rack/methodoverride.rb:21:in `call'
  rack (1.5.2) lib/rack/runtime.rb:17:in `call'
  activesupport (4.1.5) lib/active_support/cache/strategy/local_cache_middleware.rb:26:in `call'
  rack (1.5.2) lib/rack/lock.rb:17:in `call'
  actionpack (4.1.5) lib/action_dispatch/middleware/static.rb:64:in `call'
  rack (1.5.2) lib/rack/sendfile.rb:112:in `call'
  railties (4.1.5) lib/rails/engine.rb:514:in `call'
  railties (4.1.5) lib/rails/application.rb:144:in `call'
  rack (1.5.2) lib/rack/lock.rb:17:in `call'
  rack (1.5.2) lib/rack/content_length.rb:14:in `call'
  rack (1.5.2) lib/rack/handler/webrick.rb:60:in `service'
  /Users/yuenmeiwan/.rvm/rubies/ruby-2.1.2/lib/ruby/2.1.0/webrick/httpserver.rb:138:in `service'
  /Users/yuenmeiwan/.rvm/rubies/ruby-2.1.2/lib/ruby/2.1.0/webrick/httpserver.rb:94:in `run'
  /Users/yuenmeiwan/.rvm/rubies/ruby-2.1.2/lib/ruby/2.1.0/webrick/server.rb:295:in `block in start_thread'


  Rendered /Users/yuenmeiwan/.rvm/gems/ruby-2.1.2@rails_decal/gems/actionpack-4.1.5/lib/action_dispatch/middleware/templates/rescues/_trace.html.erb (0.9ms)
  Rendered /Users/yuenmeiwan/.rvm/gems/ruby-2.1.2@rails_decal/gems/actionpack-4.1.5/lib/action_dispatch/middleware/templates/routes/_route.html.erb (0.7ms)
  Rendered /Users/yuenmeiwan/.rvm/gems/ruby-2.1.2@rails_decal/gems/actionpack-4.1.5/lib/action_dispatch/middleware/templates/routes/_table.html.erb (1.3ms)
  Rendered /Users/yuenmeiwan/.rvm/gems/ruby-2.1.2@rails_decal/gems/actionpack-4.1.5/lib/action_dispatch/middleware/templates/rescues/routing_error.html.erb within rescues/layout (14.3ms)


Started GET "/" for 127.0.0.1 at 2015-02-17 20:35:19 -0800
Processing by PagesController#home as HTML
  Rendered pages/home.html.erb within layouts/application (0.3ms)
Completed 200 OK in 47ms (Views: 46.0ms | ActiveRecord: 0.0ms)


Started GET "/assets/landing.css?body=1" for 127.0.0.1 at 2015-02-17 20:35:19 -0800


Started GET "/assets/pages.css?body=1" for 127.0.0.1 at 2015-02-17 20:35:19 -0800


Started GET "/assets/bootstrap.min.js?body=1" for 127.0.0.1 at 2015-02-17 20:35:19 -0800


Started GET "/assets/bootstrap.min.css?body=1" for 127.0.0.1 at 2015-02-17 20:35:19 -0800


Started GET "/assets/jquery.js?body=1" for 127.0.0.1 at 2015-02-17 20:35:19 -0800


Started GET "/assets/pages.js?body=1" for 127.0.0.1 at 2015-02-17 20:35:19 -0800


Started GET "/assets/turbolinks.js?body=1" for 127.0.0.1 at 2015-02-17 20:35:19 -0800


Started GET "/assets/jquery_ujs.js?body=1" for 127.0.0.1 at 2015-02-17 20:35:19 -0800


Started GET "/assets/application.css?body=1" for 127.0.0.1 at 2015-02-17 20:35:19 -0800


Started GET "/assets/application.js?body=1" for 127.0.0.1 at 2015-02-17 20:35:19 -0800


Started GET "/" for 127.0.0.1 at 2015-02-17 20:35:19 -0800
Processing by PagesController#home as HTML
  Rendered pages/home.html.erb within layouts/application (0.0ms)
Completed 200 OK in 66ms (Views: 65.8ms | ActiveRecord: 0.0ms)


Started GET "/assets/landing.css?body=1" for 127.0.0.1 at 2015-02-17 20:35:19 -0800


Started GET "/assets/turbolinks.js?body=1" for 127.0.0.1 at 2015-02-17 20:35:19 -0800


Started GET "/assets/pages.css?body=1" for 127.0.0.1 at 2015-02-17 20:35:19 -0800


Started GET "/assets/pages.js?body=1" for 127.0.0.1 at 2015-02-17 20:35:19 -0800


Started GET "/assets/bootstrap.min.css?body=1" for 127.0.0.1 at 2015-02-17 20:35:19 -0800


Started GET "/assets/jquery.js?body=1" for 127.0.0.1 at 2015-02-17 20:35:19 -0800


Started GET "/assets/application.css?body=1" for 127.0.0.1 at 2015-02-17 20:35:19 -0800


Started GET "/assets/bootstrap.min.js?body=1" for 127.0.0.1 at 2015-02-17 20:35:19 -0800


Started GET "/assets/jquery_ujs.js?body=1" for 127.0.0.1 at 2015-02-17 20:35:19 -0800


Started GET "/assets/application.js?body=1" for 127.0.0.1 at 2015-02-17 20:35:19 -0800


Started GET "/" for 127.0.0.1 at 2015-02-17 20:35:21 -0800
Processing by PagesController#home as HTML
  Rendered pages/home.html.erb within layouts/application (0.3ms)
Completed 200 OK in 40ms (Views: 39.6ms | ActiveRecord: 0.0ms)


Started GET "/about" for 127.0.0.1 at 2015-02-17 20:35:22 -0800
Processing by PagesController#about as HTML
  Rendered pages/about.html.erb within layouts/application (0.4ms)
Completed 200 OK in 39ms (Views: 38.9ms | ActiveRecord: 0.0ms)


Started GET "/" for 127.0.0.1 at 2015-02-17 20:35:23 -0800
Processing by PagesController#home as HTML
  Rendered pages/home.html.erb within layouts/application (0.0ms)
Completed 200 OK in 46ms (Views: 45.3ms | ActiveRecord: 0.0ms)


Started GET "/about" for 127.0.0.1 at 2015-02-17 20:35:25 -0800
Processing by PagesController#about as HTML
  Rendered pages/about.html.erb within layouts/application (0.1ms)
Completed 200 OK in 41ms (Views: 40.2ms | ActiveRecord: 0.0ms)


Started GET "/" for 127.0.0.1 at 2015-02-17 20:35:25 -0800
Processing by PagesController#home as HTML
  Rendered pages/home.html.erb within layouts/application (0.0ms)
Completed 200 OK in 40ms (Views: 39.8ms | ActiveRecord: 0.0ms)


Started GET "/" for 127.0.0.1 at 2015-02-17 20:35:28 -0800
Processing by PagesController#home as HTML
  Rendered pages/home.html.erb within layouts/application (0.0ms)
Completed 200 OK in 37ms (Views: 36.4ms | ActiveRecord: 0.0ms)


Started GET "/assets/landing.css?body=1" for 127.0.0.1 at 2015-02-17 20:35:28 -0800


Started GET "/assets/turbolinks.js?body=1" for 127.0.0.1 at 2015-02-17 20:35:28 -0800


Started GET "/assets/application.css?body=1" for 127.0.0.1 at 2015-02-17 20:35:28 -0800


Started GET "/assets/pages.css?body=1" for 127.0.0.1 at 2015-02-17 20:35:28 -0800


Started GET "/assets/jquery.js?body=1" for 127.0.0.1 at 2015-02-17 20:35:28 -0800


Started GET "/assets/jquery_ujs.js?body=1" for 127.0.0.1 at 2015-02-17 20:35:28 -0800


Started GET "/assets/bootstrap.min.css?body=1" for 127.0.0.1 at 2015-02-17 20:35:28 -0800


Started GET "/assets/bootstrap.min.js?body=1" for 127.0.0.1 at 2015-02-17 20:35:28 -0800


Started GET "/assets/pages.js?body=1" for 127.0.0.1 at 2015-02-17 20:35:28 -0800


Started GET "/assets/application.js?body=1" for 127.0.0.1 at 2015-02-17 20:35:28 -0800


Started GET "/assets/banner-bg.jpg" for 127.0.0.1 at 2015-02-17 20:35:28 -0800


Started GET "/home" for 127.0.0.1 at 2015-02-17 20:35:29 -0800

ActionController::RoutingError (No route matches [GET] "/home"):
  actionpack (4.1.5) lib/action_dispatch/middleware/debug_exceptions.rb:21:in `call'
  actionpack (4.1.5) lib/action_dispatch/middleware/show_exceptions.rb:30:in `call'
  railties (4.1.5) lib/rails/rack/logger.rb:38:in `call_app'
  railties (4.1.5) lib/rails/rack/logger.rb:20:in `block in call'
  activesupport (4.1.5) lib/active_support/tagged_logging.rb:68:in `block in tagged'
  activesupport (4.1.5) lib/active_support/tagged_logging.rb:26:in `tagged'
  activesupport (4.1.5) lib/active_support/tagged_logging.rb:68:in `tagged'
  railties (4.1.5) lib/rails/rack/logger.rb:20:in `call'
  actionpack (4.1.5) lib/action_dispatch/middleware/request_id.rb:21:in `call'
  rack (1.5.2) lib/rack/methodoverride.rb:21:in `call'
  rack (1.5.2) lib/rack/runtime.rb:17:in `call'
  activesupport (4.1.5) lib/active_support/cache/strategy/local_cache_middleware.rb:26:in `call'
  rack (1.5.2) lib/rack/lock.rb:17:in `call'
  actionpack (4.1.5) lib/action_dispatch/middleware/static.rb:64:in `call'
  rack (1.5.2) lib/rack/sendfile.rb:112:in `call'
  railties (4.1.5) lib/rails/engine.rb:514:in `call'
  railties (4.1.5) lib/rails/application.rb:144:in `call'
  rack (1.5.2) lib/rack/lock.rb:17:in `call'
  rack (1.5.2) lib/rack/content_length.rb:14:in `call'
  rack (1.5.2) lib/rack/handler/webrick.rb:60:in `service'
  /Users/yuenmeiwan/.rvm/rubies/ruby-2.1.2/lib/ruby/2.1.0/webrick/httpserver.rb:138:in `service'
  /Users/yuenmeiwan/.rvm/rubies/ruby-2.1.2/lib/ruby/2.1.0/webrick/httpserver.rb:94:in `run'
  /Users/yuenmeiwan/.rvm/rubies/ruby-2.1.2/lib/ruby/2.1.0/webrick/server.rb:295:in `block in start_thread'


  Rendered /Users/yuenmeiwan/.rvm/gems/ruby-2.1.2@rails_decal/gems/actionpack-4.1.5/lib/action_dispatch/middleware/templates/rescues/_trace.html.erb (0.7ms)
  Rendered /Users/yuenmeiwan/.rvm/gems/ruby-2.1.2@rails_decal/gems/actionpack-4.1.5/lib/action_dispatch/middleware/templates/routes/_route.html.erb (0.5ms)
  Rendered /Users/yuenmeiwan/.rvm/gems/ruby-2.1.2@rails_decal/gems/actionpack-4.1.5/lib/action_dispatch/middleware/templates/routes/_table.html.erb (0.7ms)
  Rendered /Users/yuenmeiwan/.rvm/gems/ruby-2.1.2@rails_decal/gems/actionpack-4.1.5/lib/action_dispatch/middleware/templates/rescues/routing_error.html.erb within rescues/layout (10.8ms)


Started GET "/home" for 127.0.0.1 at 2015-02-17 20:35:32 -0800

ActionController::RoutingError (No route matches [GET] "/home"):
  actionpack (4.1.5) lib/action_dispatch/middleware/debug_exceptions.rb:21:in `call'
  actionpack (4.1.5) lib/action_dispatch/middleware/show_exceptions.rb:30:in `call'
  railties (4.1.5) lib/rails/rack/logger.rb:38:in `call_app'
  railties (4.1.5) lib/rails/rack/logger.rb:20:in `block in call'
  activesupport (4.1.5) lib/active_support/tagged_logging.rb:68:in `block in tagged'
  activesupport (4.1.5) lib/active_support/tagged_logging.rb:26:in `tagged'
  activesupport (4.1.5) lib/active_support/tagged_logging.rb:68:in `tagged'
  railties (4.1.5) lib/rails/rack/logger.rb:20:in `call'
  actionpack (4.1.5) lib/action_dispatch/middleware/request_id.rb:21:in `call'
  rack (1.5.2) lib/rack/methodoverride.rb:21:in `call'
  rack (1.5.2) lib/rack/runtime.rb:17:in `call'
  activesupport (4.1.5) lib/active_support/cache/strategy/local_cache_middleware.rb:26:in `call'
  rack (1.5.2) lib/rack/lock.rb:17:in `call'
  actionpack (4.1.5) lib/action_dispatch/middleware/static.rb:64:in `call'
  rack (1.5.2) lib/rack/sendfile.rb:112:in `call'
  railties (4.1.5) lib/rails/engine.rb:514:in `call'
  railties (4.1.5) lib/rails/application.rb:144:in `call'
  rack (1.5.2) lib/rack/lock.rb:17:in `call'
  rack (1.5.2) lib/rack/content_length.rb:14:in `call'
  rack (1.5.2) lib/rack/handler/webrick.rb:60:in `service'
  /Users/yuenmeiwan/.rvm/rubies/ruby-2.1.2/lib/ruby/2.1.0/webrick/httpserver.rb:138:in `service'
  /Users/yuenmeiwan/.rvm/rubies/ruby-2.1.2/lib/ruby/2.1.0/webrick/httpserver.rb:94:in `run'
  /Users/yuenmeiwan/.rvm/rubies/ruby-2.1.2/lib/ruby/2.1.0/webrick/server.rb:295:in `block in start_thread'


  Rendered /Users/yuenmeiwan/.rvm/gems/ruby-2.1.2@rails_decal/gems/actionpack-4.1.5/lib/action_dispatch/middleware/templates/rescues/_trace.html.erb (1.2ms)
  Rendered /Users/yuenmeiwan/.rvm/gems/ruby-2.1.2@rails_decal/gems/actionpack-4.1.5/lib/action_dispatch/middleware/templates/routes/_route.html.erb (1.1ms)
  Rendered /Users/yuenmeiwan/.rvm/gems/ruby-2.1.2@rails_decal/gems/actionpack-4.1.5/lib/action_dispatch/middleware/templates/routes/_table.html.erb (2.5ms)
  Rendered /Users/yuenmeiwan/.rvm/gems/ruby-2.1.2@rails_decal/gems/actionpack-4.1.5/lib/action_dispatch/middleware/templates/rescues/routing_error.html.erb within rescues/layout (19.3ms)


Started GET "/home" for 127.0.0.1 at 2015-02-17 20:36:05 -0800

ActionController::RoutingError (No route matches [GET] "/home"):
  actionpack (4.1.5) lib/action_dispatch/middleware/debug_exceptions.rb:21:in `call'
  actionpack (4.1.5) lib/action_dispatch/middleware/show_exceptions.rb:30:in `call'
  railties (4.1.5) lib/rails/rack/logger.rb:38:in `call_app'
  railties (4.1.5) lib/rails/rack/logger.rb:20:in `block in call'
  activesupport (4.1.5) lib/active_support/tagged_logging.rb:68:in `block in tagged'
  activesupport (4.1.5) lib/active_support/tagged_logging.rb:26:in `tagged'
  activesupport (4.1.5) lib/active_support/tagged_logging.rb:68:in `tagged'
  railties (4.1.5) lib/rails/rack/logger.rb:20:in `call'
  actionpack (4.1.5) lib/action_dispatch/middleware/request_id.rb:21:in `call'
  rack (1.5.2) lib/rack/methodoverride.rb:21:in `call'
  rack (1.5.2) lib/rack/runtime.rb:17:in `call'
  activesupport (4.1.5) lib/active_support/cache/strategy/local_cache_middleware.rb:26:in `call'
  rack (1.5.2) lib/rack/lock.rb:17:in `call'
  actionpack (4.1.5) lib/action_dispatch/middleware/static.rb:64:in `call'
  rack (1.5.2) lib/rack/sendfile.rb:112:in `call'
  railties (4.1.5) lib/rails/engine.rb:514:in `call'
  railties (4.1.5) lib/rails/application.rb:144:in `call'
  rack (1.5.2) lib/rack/lock.rb:17:in `call'
  rack (1.5.2) lib/rack/content_length.rb:14:in `call'
  rack (1.5.2) lib/rack/handler/webrick.rb:60:in `service'
  /Users/yuenmeiwan/.rvm/rubies/ruby-2.1.2/lib/ruby/2.1.0/webrick/httpserver.rb:138:in `service'
  /Users/yuenmeiwan/.rvm/rubies/ruby-2.1.2/lib/ruby/2.1.0/webrick/httpserver.rb:94:in `run'
  /Users/yuenmeiwan/.rvm/rubies/ruby-2.1.2/lib/ruby/2.1.0/webrick/server.rb:295:in `block in start_thread'


  Rendered /Users/yuenmeiwan/.rvm/gems/ruby-2.1.2@rails_decal/gems/actionpack-4.1.5/lib/action_dispatch/middleware/templates/rescues/_trace.html.erb (1.0ms)
  Rendered /Users/yuenmeiwan/.rvm/gems/ruby-2.1.2@rails_decal/gems/actionpack-4.1.5/lib/action_dispatch/middleware/templates/routes/_route.html.erb (1.2ms)
  Rendered /Users/yuenmeiwan/.rvm/gems/ruby-2.1.2@rails_decal/gems/actionpack-4.1.5/lib/action_dispatch/middleware/templates/routes/_table.html.erb (1.0ms)
  Rendered /Users/yuenmeiwan/.rvm/gems/ruby-2.1.2@rails_decal/gems/actionpack-4.1.5/lib/action_dispatch/middleware/templates/rescues/routing_error.html.erb within rescues/layout (14.7ms)


Started GET "/home" for 127.0.0.1 at 2015-02-17 20:36:08 -0800

ActionController::RoutingError (No route matches [GET] "/home"):
  actionpack (4.1.5) lib/action_dispatch/middleware/debug_exceptions.rb:21:in `call'
  actionpack (4.1.5) lib/action_dispatch/middleware/show_exceptions.rb:30:in `call'
  railties (4.1.5) lib/rails/rack/logger.rb:38:in `call_app'
  railties (4.1.5) lib/rails/rack/logger.rb:20:in `block in call'
  activesupport (4.1.5) lib/active_support/tagged_logging.rb:68:in `block in tagged'
  activesupport (4.1.5) lib/active_support/tagged_logging.rb:26:in `tagged'
  activesupport (4.1.5) lib/active_support/tagged_logging.rb:68:in `tagged'
  railties (4.1.5) lib/rails/rack/logger.rb:20:in `call'
  actionpack (4.1.5) lib/action_dispatch/middleware/request_id.rb:21:in `call'
  rack (1.5.2) lib/rack/methodoverride.rb:21:in `call'
  rack (1.5.2) lib/rack/runtime.rb:17:in `call'
  activesupport (4.1.5) lib/active_support/cache/strategy/local_cache_middleware.rb:26:in `call'
  rack (1.5.2) lib/rack/lock.rb:17:in `call'
  actionpack (4.1.5) lib/action_dispatch/middleware/static.rb:64:in `call'
  rack (1.5.2) lib/rack/sendfile.rb:112:in `call'
  railties (4.1.5) lib/rails/engine.rb:514:in `call'
  railties (4.1.5) lib/rails/application.rb:144:in `call'
  rack (1.5.2) lib/rack/lock.rb:17:in `call'
  rack (1.5.2) lib/rack/content_length.rb:14:in `call'
  rack (1.5.2) lib/rack/handler/webrick.rb:60:in `service'
  /Users/yuenmeiwan/.rvm/rubies/ruby-2.1.2/lib/ruby/2.1.0/webrick/httpserver.rb:138:in `service'
  /Users/yuenmeiwan/.rvm/rubies/ruby-2.1.2/lib/ruby/2.1.0/webrick/httpserver.rb:94:in `run'
  /Users/yuenmeiwan/.rvm/rubies/ruby-2.1.2/lib/ruby/2.1.0/webrick/server.rb:295:in `block in start_thread'


  Rendered /Users/yuenmeiwan/.rvm/gems/ruby-2.1.2@rails_decal/gems/actionpack-4.1.5/lib/action_dispatch/middleware/templates/rescues/_trace.html.erb (0.7ms)
  Rendered /Users/yuenmeiwan/.rvm/gems/ruby-2.1.2@rails_decal/gems/actionpack-4.1.5/lib/action_dispatch/middleware/templates/routes/_route.html.erb (0.5ms)
  Rendered /Users/yuenmeiwan/.rvm/gems/ruby-2.1.2@rails_decal/gems/actionpack-4.1.5/lib/action_dispatch/middleware/templates/routes/_table.html.erb (0.7ms)
  Rendered /Users/yuenmeiwan/.rvm/gems/ruby-2.1.2@rails_decal/gems/actionpack-4.1.5/lib/action_dispatch/middleware/templates/rescues/routing_error.html.erb within rescues/layout (11.2ms)


Started GET "/" for 127.0.0.1 at 2015-02-17 20:36:09 -0800
Processing by PagesController#home as HTML
  Rendered pages/home.html.erb within layouts/application (0.5ms)
Completed 200 OK in 63ms (Views: 62.9ms | ActiveRecord: 0.0ms)


Started GET "/" for 127.0.0.1 at 2015-02-17 20:36:09 -0800
Processing by PagesController#home as HTML
  Rendered pages/home.html.erb within layouts/application (0.0ms)
Completed 200 OK in 48ms (Views: 47.5ms | ActiveRecord: 0.0ms)


Started GET "/assets/landing.css?body=1" for 127.0.0.1 at 2015-02-17 20:36:09 -0800


Started GET "/assets/pages.css?body=1" for 127.0.0.1 at 2015-02-17 20:36:09 -0800


Started GET "/assets/jquery.js?body=1" for 127.0.0.1 at 2015-02-17 20:36:09 -0800


Started GET "/assets/bootstrap.min.js?body=1" for 127.0.0.1 at 2015-02-17 20:36:09 -0800


Started GET "/assets/pages.js?body=1" for 127.0.0.1 at 2015-02-17 20:36:09 -0800


Started GET "/assets/jquery_ujs.js?body=1" for 127.0.0.1 at 2015-02-17 20:36:09 -0800


Started GET "/assets/application.css?body=1" for 127.0.0.1 at 2015-02-17 20:36:09 -0800


Started GET "/assets/turbolinks.js?body=1" for 127.0.0.1 at 2015-02-17 20:36:09 -0800


Started GET "/assets/bootstrap.min.css?body=1" for 127.0.0.1 at 2015-02-17 20:36:09 -0800


Started GET "/assets/application.js?body=1" for 127.0.0.1 at 2015-02-17 20:36:09 -0800


Started GET "/assets/banner-bg.jpg" for 127.0.0.1 at 2015-02-17 20:36:09 -0800


Started GET "/" for 127.0.0.1 at 2015-02-17 20:36:15 -0800
Processing by PagesController#home as HTML
  Rendered pages/home.html.erb within layouts/application (0.4ms)
Completed 200 OK in 54ms (Views: 53.3ms | ActiveRecord: 0.0ms)


Started GET "/assets/landing.css?body=1" for 127.0.0.1 at 2015-02-17 20:36:15 -0800


Started GET "/assets/pages.css?body=1" for 127.0.0.1 at 2015-02-17 20:36:15 -0800


Started GET "/assets/jquery.js?body=1" for 127.0.0.1 at 2015-02-17 20:36:15 -0800


Started GET "/assets/application.css?body=1" for 127.0.0.1 at 2015-02-17 20:36:15 -0800


Started GET "/assets/jquery_ujs.js?body=1" for 127.0.0.1 at 2015-02-17 20:36:15 -0800


Started GET "/assets/bootstrap.min.css?body=1" for 127.0.0.1 at 2015-02-17 20:36:15 -0800


Started GET "/assets/turbolinks.js?body=1" for 127.0.0.1 at 2015-02-17 20:36:15 -0800


Started GET "/assets/bootstrap.min.js?body=1" for 127.0.0.1 at 2015-02-17 20:36:15 -0800


Started GET "/assets/pages.js?body=1" for 127.0.0.1 at 2015-02-17 20:36:15 -0800


Started GET "/assets/application.js?body=1" for 127.0.0.1 at 2015-02-17 20:36:15 -0800


Started GET "/" for 127.0.0.1 at 2015-02-17 20:36:16 -0800
Processing by PagesController#home as HTML
  Rendered pages/home.html.erb within layouts/application (0.3ms)
Completed 200 OK in 44ms (Views: 43.6ms | ActiveRecord: 0.0ms)


Started GET "/about" for 127.0.0.1 at 2015-02-17 20:36:19 -0800
Processing by PagesController#about as HTML
  Rendered pages/about.html.erb within layouts/application (0.6ms)
Completed 200 OK in 44ms (Views: 43.7ms | ActiveRecord: 0.0ms)


Started GET "/assets/me.jpg" for 127.0.0.1 at 2015-02-17 20:36:19 -0800


Started GET "/" for 127.0.0.1 at 2015-02-17 20:36:20 -0800
Processing by PagesController#home as HTML
  Rendered pages/home.html.erb within layouts/application (0.0ms)
Completed 200 OK in 46ms (Views: 45.6ms | ActiveRecord: 0.0ms)


Started GET "/" for 127.0.0.1 at 2015-02-17 20:36:22 -0800
Processing by PagesController#home as HTML
  Rendered pages/home.html.erb within layouts/application (0.0ms)
Completed 200 OK in 42ms (Views: 41.6ms | ActiveRecord: 0.0ms)


Started GET "/about" for 127.0.0.1 at 2015-02-17 20:36:23 -0800
Processing by PagesController#about as HTML
  Rendered pages/about.html.erb within layouts/application (0.2ms)
Completed 200 OK in 44ms (Views: 43.5ms | ActiveRecord: 0.0ms)


Started GET "/about" for 127.0.0.1 at 2015-02-17 20:36:25 -0800
Processing by PagesController#about as HTML
  Rendered pages/about.html.erb within layouts/application (0.2ms)
Completed 200 OK in 44ms (Views: 43.2ms | ActiveRecord: 0.0ms)


Started GET "/about" for 127.0.0.1 at 2015-02-17 20:36:26 -0800
Processing by PagesController#about as HTML
  Rendered pages/about.html.erb within layouts/application (0.2ms)
Completed 200 OK in 40ms (Views: 39.4ms | ActiveRecord: 0.0ms)


Started GET "/about" for 127.0.0.1 at 2015-02-17 20:36:26 -0800
Processing by PagesController#about as HTML
  Rendered pages/about.html.erb within layouts/application (0.2ms)
Completed 200 OK in 46ms (Views: 45.6ms | ActiveRecord: 0.0ms)


Started GET "/" for 127.0.0.1 at 2015-02-17 20:36:27 -0800
Processing by PagesController#home as HTML
  Rendered pages/home.html.erb within layouts/application (0.0ms)
Completed 200 OK in 40ms (Views: 39.2ms | ActiveRecord: 0.0ms)


Started GET "/about" for 127.0.0.1 at 2015-02-17 20:36:29 -0800
Processing by PagesController#about as HTML
  Rendered pages/about.html.erb within layouts/application (0.2ms)
Completed 200 OK in 38ms (Views: 38.0ms | ActiveRecord: 0.0ms)


Started GET "/" for 127.0.0.1 at 2015-02-17 20:36:29 -0800
Processing by PagesController#home as HTML
  Rendered pages/home.html.erb within layouts/application (0.0ms)
Completed 200 OK in 45ms (Views: 44.2ms | ActiveRecord: 0.0ms)


Started GET "/" for 127.0.0.1 at 2015-02-17 20:36:30 -0800
Processing by PagesController#home as HTML
  Rendered pages/home.html.erb within layouts/application (0.0ms)
Completed 200 OK in 43ms (Views: 42.5ms | ActiveRecord: 0.0ms)


Started GET "/about" for 127.0.0.1 at 2015-02-17 20:36:33 -0800
Processing by PagesController#about as HTML
  Rendered pages/about.html.erb within layouts/application (0.2ms)
Completed 200 OK in 45ms (Views: 44.5ms | ActiveRecord: 0.0ms)


Started GET "/about" for 127.0.0.1 at 2015-02-17 20:36:36 -0800
Processing by PagesController#about as HTML
  Rendered pages/about.html.erb within layouts/application (0.6ms)
Completed 200 OK in 42ms (Views: 41.6ms | ActiveRecord: 0.0ms)


Started GET "/assets/landing.css?body=1" for 127.0.0.1 at 2015-02-17 20:36:36 -0800


Started GET "/assets/pages.js?body=1" for 127.0.0.1 at 2015-02-17 20:36:36 -0800


Started GET "/assets/bootstrap.min.css?body=1" for 127.0.0.1 at 2015-02-17 20:36:36 -0800


Started GET "/assets/pages.css?body=1" for 127.0.0.1 at 2015-02-17 20:36:36 -0800


Started GET "/assets/jquery.js?body=1" for 127.0.0.1 at 2015-02-17 20:36:36 -0800


Started GET "/assets/turbolinks.js?body=1" for 127.0.0.1 at 2015-02-17 20:36:36 -0800


Started GET "/assets/application.css?body=1" for 127.0.0.1 at 2015-02-17 20:36:36 -0800


Started GET "/assets/jquery_ujs.js?body=1" for 127.0.0.1 at 2015-02-17 20:36:36 -0800


Started GET "/assets/bootstrap.min.js?body=1" for 127.0.0.1 at 2015-02-17 20:36:36 -0800


Started GET "/assets/application.js?body=1" for 127.0.0.1 at 2015-02-17 20:36:36 -0800


Started GET "/assets/me.jpg" for 127.0.0.1 at 2015-02-17 20:36:36 -0800


Started GET "/" for 127.0.0.1 at 2015-02-17 20:36:37 -0800
Processing by PagesController#home as HTML
  Rendered pages/home.html.erb within layouts/application (0.0ms)
Completed 200 OK in 43ms (Views: 43.1ms | ActiveRecord: 0.0ms)


Started GET "/assets/landing.css?body=1" for 127.0.0.1 at 2015-02-17 20:36:37 -0800


Started GET "/assets/application.css?body=1" for 127.0.0.1 at 2015-02-17 20:36:37 -0800


Started GET "/assets/bootstrap.min.css?body=1" for 127.0.0.1 at 2015-02-17 20:36:37 -0800


Started GET "/assets/pages.css?body=1" for 127.0.0.1 at 2015-02-17 20:36:37 -0800


Started GET "/assets/jquery_ujs.js?body=1" for 127.0.0.1 at 2015-02-17 20:36:37 -0800


Started GET "/assets/turbolinks.js?body=1" for 127.0.0.1 at 2015-02-17 20:36:37 -0800


Started GET "/assets/pages.js?body=1" for 127.0.0.1 at 2015-02-17 20:36:37 -0800


Started GET "/assets/bootstrap.min.js?body=1" for 127.0.0.1 at 2015-02-17 20:36:37 -0800


Started GET "/assets/jquery.js?body=1" for 127.0.0.1 at 2015-02-17 20:36:37 -0800


Started GET "/assets/application.js?body=1" for 127.0.0.1 at 2015-02-17 20:36:37 -0800


Started GET "/home" for 127.0.0.1 at 2015-02-17 20:36:37 -0800

ActionController::RoutingError (No route matches [GET] "/home"):
  actionpack (4.1.5) lib/action_dispatch/middleware/debug_exceptions.rb:21:in `call'
  actionpack (4.1.5) lib/action_dispatch/middleware/show_exceptions.rb:30:in `call'
  railties (4.1.5) lib/rails/rack/logger.rb:38:in `call_app'
  railties (4.1.5) lib/rails/rack/logger.rb:20:in `block in call'
  activesupport (4.1.5) lib/active_support/tagged_logging.rb:68:in `block in tagged'
  activesupport (4.1.5) lib/active_support/tagged_logging.rb:26:in `tagged'
  activesupport (4.1.5) lib/active_support/tagged_logging.rb:68:in `tagged'
  railties (4.1.5) lib/rails/rack/logger.rb:20:in `call'
  actionpack (4.1.5) lib/action_dispatch/middleware/request_id.rb:21:in `call'
  rack (1.5.2) lib/rack/methodoverride.rb:21:in `call'
  rack (1.5.2) lib/rack/runtime.rb:17:in `call'
  activesupport (4.1.5) lib/active_support/cache/strategy/local_cache_middleware.rb:26:in `call'
  rack (1.5.2) lib/rack/lock.rb:17:in `call'
  actionpack (4.1.5) lib/action_dispatch/middleware/static.rb:64:in `call'
  rack (1.5.2) lib/rack/sendfile.rb:112:in `call'
  railties (4.1.5) lib/rails/engine.rb:514:in `call'
  railties (4.1.5) lib/rails/application.rb:144:in `call'
  rack (1.5.2) lib/rack/lock.rb:17:in `call'
  rack (1.5.2) lib/rack/content_length.rb:14:in `call'
  rack (1.5.2) lib/rack/handler/webrick.rb:60:in `service'
  /Users/yuenmeiwan/.rvm/rubies/ruby-2.1.2/lib/ruby/2.1.0/webrick/httpserver.rb:138:in `service'
  /Users/yuenmeiwan/.rvm/rubies/ruby-2.1.2/lib/ruby/2.1.0/webrick/httpserver.rb:94:in `run'
  /Users/yuenmeiwan/.rvm/rubies/ruby-2.1.2/lib/ruby/2.1.0/webrick/server.rb:295:in `block in start_thread'


  Rendered /Users/yuenmeiwan/.rvm/gems/ruby-2.1.2@rails_decal/gems/actionpack-4.1.5/lib/action_dispatch/middleware/templates/rescues/_trace.html.erb (0.7ms)
  Rendered /Users/yuenmeiwan/.rvm/gems/ruby-2.1.2@rails_decal/gems/actionpack-4.1.5/lib/action_dispatch/middleware/templates/routes/_route.html.erb (0.6ms)
  Rendered /Users/yuenmeiwan/.rvm/gems/ruby-2.1.2@rails_decal/gems/actionpack-4.1.5/lib/action_dispatch/middleware/templates/routes/_table.html.erb (0.8ms)
  Rendered /Users/yuenmeiwan/.rvm/gems/ruby-2.1.2@rails_decal/gems/actionpack-4.1.5/lib/action_dispatch/middleware/templates/rescues/routing_error.html.erb within rescues/layout (12.8ms)


Started GET "/home" for 127.0.0.1 at 2015-02-17 20:37:27 -0800

ActionController::RoutingError (No route matches [GET] "/home"):
  actionpack (4.1.5) lib/action_dispatch/middleware/debug_exceptions.rb:21:in `call'
  actionpack (4.1.5) lib/action_dispatch/middleware/show_exceptions.rb:30:in `call'
  railties (4.1.5) lib/rails/rack/logger.rb:38:in `call_app'
  railties (4.1.5) lib/rails/rack/logger.rb:20:in `block in call'
  activesupport (4.1.5) lib/active_support/tagged_logging.rb:68:in `block in tagged'
  activesupport (4.1.5) lib/active_support/tagged_logging.rb:26:in `tagged'
  activesupport (4.1.5) lib/active_support/tagged_logging.rb:68:in `tagged'
  railties (4.1.5) lib/rails/rack/logger.rb:20:in `call'
  actionpack (4.1.5) lib/action_dispatch/middleware/request_id.rb:21:in `call'
  rack (1.5.2) lib/rack/methodoverride.rb:21:in `call'
  rack (1.5.2) lib/rack/runtime.rb:17:in `call'
  activesupport (4.1.5) lib/active_support/cache/strategy/local_cache_middleware.rb:26:in `call'
  rack (1.5.2) lib/rack/lock.rb:17:in `call'
  actionpack (4.1.5) lib/action_dispatch/middleware/static.rb:64:in `call'
  rack (1.5.2) lib/rack/sendfile.rb:112:in `call'
  railties (4.1.5) lib/rails/engine.rb:514:in `call'
  railties (4.1.5) lib/rails/application.rb:144:in `call'
  rack (1.5.2) lib/rack/lock.rb:17:in `call'
  rack (1.5.2) lib/rack/content_length.rb:14:in `call'
  rack (1.5.2) lib/rack/handler/webrick.rb:60:in `service'
  /Users/yuenmeiwan/.rvm/rubies/ruby-2.1.2/lib/ruby/2.1.0/webrick/httpserver.rb:138:in `service'
  /Users/yuenmeiwan/.rvm/rubies/ruby-2.1.2/lib/ruby/2.1.0/webrick/httpserver.rb:94:in `run'
  /Users/yuenmeiwan/.rvm/rubies/ruby-2.1.2/lib/ruby/2.1.0/webrick/server.rb:295:in `block in start_thread'


  Rendered /Users/yuenmeiwan/.rvm/gems/ruby-2.1.2@rails_decal/gems/actionpack-4.1.5/lib/action_dispatch/middleware/templates/rescues/_trace.html.erb (0.7ms)
  Rendered /Users/yuenmeiwan/.rvm/gems/ruby-2.1.2@rails_decal/gems/actionpack-4.1.5/lib/action_dispatch/middleware/templates/routes/_route.html.erb (0.6ms)
  Rendered /Users/yuenmeiwan/.rvm/gems/ruby-2.1.2@rails_decal/gems/actionpack-4.1.5/lib/action_dispatch/middleware/templates/routes/_table.html.erb (0.9ms)
  Rendered /Users/yuenmeiwan/.rvm/gems/ruby-2.1.2@rails_decal/gems/actionpack-4.1.5/lib/action_dispatch/middleware/templates/rescues/routing_error.html.erb within rescues/layout (12.9ms)


Started GET "/home" for 127.0.0.1 at 2015-02-17 20:37:29 -0800

ActionController::RoutingError (No route matches [GET] "/home"):
  actionpack (4.1.5) lib/action_dispatch/middleware/debug_exceptions.rb:21:in `call'
  actionpack (4.1.5) lib/action_dispatch/middleware/show_exceptions.rb:30:in `call'
  railties (4.1.5) lib/rails/rack/logger.rb:38:in `call_app'
  railties (4.1.5) lib/rails/rack/logger.rb:20:in `block in call'
  activesupport (4.1.5) lib/active_support/tagged_logging.rb:68:in `block in tagged'
  activesupport (4.1.5) lib/active_support/tagged_logging.rb:26:in `tagged'
  activesupport (4.1.5) lib/active_support/tagged_logging.rb:68:in `tagged'
  railties (4.1.5) lib/rails/rack/logger.rb:20:in `call'
  actionpack (4.1.5) lib/action_dispatch/middleware/request_id.rb:21:in `call'
  rack (1.5.2) lib/rack/methodoverride.rb:21:in `call'
  rack (1.5.2) lib/rack/runtime.rb:17:in `call'
  activesupport (4.1.5) lib/active_support/cache/strategy/local_cache_middleware.rb:26:in `call'
  rack (1.5.2) lib/rack/lock.rb:17:in `call'
  actionpack (4.1.5) lib/action_dispatch/middleware/static.rb:64:in `call'
  rack (1.5.2) lib/rack/sendfile.rb:112:in `call'
  railties (4.1.5) lib/rails/engine.rb:514:in `call'
  railties (4.1.5) lib/rails/application.rb:144:in `call'
  rack (1.5.2) lib/rack/lock.rb:17:in `call'
  rack (1.5.2) lib/rack/content_length.rb:14:in `call'
  rack (1.5.2) lib/rack/handler/webrick.rb:60:in `service'
  /Users/yuenmeiwan/.rvm/rubies/ruby-2.1.2/lib/ruby/2.1.0/webrick/httpserver.rb:138:in `service'
  /Users/yuenmeiwan/.rvm/rubies/ruby-2.1.2/lib/ruby/2.1.0/webrick/httpserver.rb:94:in `run'
  /Users/yuenmeiwan/.rvm/rubies/ruby-2.1.2/lib/ruby/2.1.0/webrick/server.rb:295:in `block in start_thread'


  Rendered /Users/yuenmeiwan/.rvm/gems/ruby-2.1.2@rails_decal/gems/actionpack-4.1.5/lib/action_dispatch/middleware/templates/rescues/_trace.html.erb (0.7ms)
  Rendered /Users/yuenmeiwan/.rvm/gems/ruby-2.1.2@rails_decal/gems/actionpack-4.1.5/lib/action_dispatch/middleware/templates/routes/_route.html.erb (0.7ms)
  Rendered /Users/yuenmeiwan/.rvm/gems/ruby-2.1.2@rails_decal/gems/actionpack-4.1.5/lib/action_dispatch/middleware/templates/routes/_table.html.erb (0.8ms)
  Rendered /Users/yuenmeiwan/.rvm/gems/ruby-2.1.2@rails_decal/gems/actionpack-4.1.5/lib/action_dispatch/middleware/templates/rescues/routing_error.html.erb within rescues/layout (11.1ms)


Started GET "/" for 127.0.0.1 at 2015-02-17 20:37:30 -0800
Processing by PagesController#home as HTML
  Rendered pages/home.html.erb within layouts/application (0.5ms)
Completed 200 OK in 38ms (Views: 38.0ms | ActiveRecord: 0.0ms)


Started GET "/assets/landing.css?body=1" for 127.0.0.1 at 2015-02-17 20:37:30 -0800


Started GET "/assets/pages.css?body=1" for 127.0.0.1 at 2015-02-17 20:37:30 -0800


Started GET "/assets/jquery.js?body=1" for 127.0.0.1 at 2015-02-17 20:37:30 -0800


Started GET "/assets/jquery_ujs.js?body=1" for 127.0.0.1 at 2015-02-17 20:37:30 -0800


Started GET "/assets/turbolinks.js?body=1" for 127.0.0.1 at 2015-02-17 20:37:30 -0800


Started GET "/assets/application.css?body=1" for 127.0.0.1 at 2015-02-17 20:37:30 -0800


Started GET "/assets/bootstrap.min.css?body=1" for 127.0.0.1 at 2015-02-17 20:37:30 -0800


Started GET "/assets/application.js?body=1" for 127.0.0.1 at 2015-02-17 20:37:30 -0800


Started GET "/assets/pages.js?body=1" for 127.0.0.1 at 2015-02-17 20:37:30 -0800


Started GET "/" for 127.0.0.1 at 2015-02-17 20:37:30 -0800
Processing by PagesController#home as HTML
  Rendered pages/home.html.erb within layouts/application (0.1ms)
Completed 200 OK in 69ms (Views: 68.5ms | ActiveRecord: 0.0ms)


Started GET "/assets/bootstrap.min.js?body=1" for 127.0.0.1 at 2015-02-17 20:37:30 -0800


Started GET "/assets/landing.css?body=1" for 127.0.0.1 at 2015-02-17 20:37:30 -0800


Started GET "/assets/bootstrap.min.css?body=1" for 127.0.0.1 at 2015-02-17 20:37:30 -0800


Started GET "/assets/application.css?body=1" for 127.0.0.1 at 2015-02-17 20:37:30 -0800


Started GET "/assets/pages.css?body=1" for 127.0.0.1 at 2015-02-17 20:37:30 -0800


Started GET "/assets/jquery.js?body=1" for 127.0.0.1 at 2015-02-17 20:37:30 -0800


Started GET "/assets/jquery_ujs.js?body=1" for 127.0.0.1 at 2015-02-17 20:37:30 -0800


Started GET "/assets/pages.js?body=1" for 127.0.0.1 at 2015-02-17 20:37:30 -0800


Started GET "/assets/application.js?body=1" for 127.0.0.1 at 2015-02-17 20:37:30 -0800


Started GET "/assets/bootstrap.min.js?body=1" for 127.0.0.1 at 2015-02-17 20:37:30 -0800


Started GET "/assets/turbolinks.js?body=1" for 127.0.0.1 at 2015-02-17 20:37:30 -0800


Started GET "/assets/banner-bg.jpg" for 127.0.0.1 at 2015-02-17 20:37:30 -0800


Started GET "/about" for 127.0.0.1 at 2015-02-17 20:37:32 -0800
Processing by PagesController#about as HTML
  Rendered pages/about.html.erb within layouts/application (0.2ms)
Completed 200 OK in 38ms (Views: 37.7ms | ActiveRecord: 0.0ms)


Started GET "/assets/me.jpg" for 127.0.0.1 at 2015-02-17 20:37:32 -0800


Started GET "/" for 127.0.0.1 at 2015-02-17 20:37:33 -0800
Processing by PagesController#home as HTML
  Rendered pages/home.html.erb within layouts/application (0.3ms)
Completed 200 OK in 44ms (Views: 43.2ms | ActiveRecord: 0.0ms)


Started GET "/" for 127.0.0.1 at 2015-02-17 20:37:34 -0800
Processing by PagesController#home as HTML
  Rendered pages/home.html.erb within layouts/application (0.0ms)
Completed 200 OK in 48ms (Views: 47.2ms | ActiveRecord: 0.0ms)


Started GET "/about" for 127.0.0.1 at 2015-02-17 20:37:35 -0800
Processing by PagesController#about as HTML
  Rendered pages/about.html.erb within layouts/application (0.2ms)
Completed 200 OK in 42ms (Views: 41.8ms | ActiveRecord: 0.0ms)


Started GET "/about" for 127.0.0.1 at 2015-02-17 20:37:50 -0800
Processing by PagesController#about as HTML
  Rendered pages/about.html.erb within layouts/application (0.5ms)
Completed 200 OK in 69ms (Views: 68.4ms | ActiveRecord: 0.0ms)


Started GET "/assets/landing.css?body=1" for 127.0.0.1 at 2015-02-17 20:37:50 -0800


Started GET "/assets/bootstrap.min.css?body=1" for 127.0.0.1 at 2015-02-17 20:37:50 -0800


Started GET "/assets/jquery_ujs.js?body=1" for 127.0.0.1 at 2015-02-17 20:37:50 -0800


Started GET "/assets/pages.css?body=1" for 127.0.0.1 at 2015-02-17 20:37:50 -0800


Started GET "/assets/jquery.js?body=1" for 127.0.0.1 at 2015-02-17 20:37:50 -0800


Started GET "/assets/application.css?body=1" for 127.0.0.1 at 2015-02-17 20:37:50 -0800


Started GET "/assets/turbolinks.js?body=1" for 127.0.0.1 at 2015-02-17 20:37:50 -0800


Started GET "/assets/bootstrap.min.js?body=1" for 127.0.0.1 at 2015-02-17 20:37:50 -0800


Started GET "/assets/pages.js?body=1" for 127.0.0.1 at 2015-02-17 20:37:50 -0800


Started GET "/assets/application.js?body=1" for 127.0.0.1 at 2015-02-17 20:37:50 -0800


Started GET "/" for 127.0.0.1 at 2015-02-17 20:37:52 -0800
Processing by PagesController#home as HTML
  Rendered pages/home.html.erb within layouts/application (0.3ms)
Completed 200 OK in 43ms (Views: 42.5ms | ActiveRecord: 0.0ms)


Started GET "/about" for 127.0.0.1 at 2015-02-17 20:37:55 -0800
Processing by PagesController#about as HTML
  Rendered pages/about.html.erb within layouts/application (0.9ms)
Completed 200 OK in 44ms (Views: 43.3ms | ActiveRecord: 0.0ms)


Started GET "/" for 127.0.0.1 at 2015-02-17 20:37:56 -0800
Processing by PagesController#home as HTML
  Rendered pages/home.html.erb within layouts/application (0.1ms)
Completed 200 OK in 41ms (Views: 41.0ms | ActiveRecord: 0.0ms)


Started GET "/" for 127.0.0.1 at 2015-02-17 20:37:57 -0800
Processing by PagesController#home as HTML
  Rendered pages/home.html.erb within layouts/application (0.0ms)
Completed 200 OK in 42ms (Views: 41.4ms | ActiveRecord: 0.0ms)


Started GET "/" for 127.0.0.1 at 2015-02-17 20:38:11 -0800
Processing by PagesController#home as HTML
  Rendered pages/home.html.erb within layouts/application (0.3ms)
Completed 200 OK in 58ms (Views: 57.2ms | ActiveRecord: 0.0ms)


Started GET "/assets/pages.css?body=1" for 127.0.0.1 at 2015-02-17 20:38:11 -0800


Started GET "/assets/landing.css?body=1" for 127.0.0.1 at 2015-02-17 20:38:11 -0800


Started GET "/assets/jquery.js?body=1" for 127.0.0.1 at 2015-02-17 20:38:11 -0800


Started GET "/assets/bootstrap.min.js?body=1" for 127.0.0.1 at 2015-02-17 20:38:11 -0800


Started GET "/assets/bootstrap.min.css?body=1" for 127.0.0.1 at 2015-02-17 20:38:11 -0800


Started GET "/assets/jquery_ujs.js?body=1" for 127.0.0.1 at 2015-02-17 20:38:11 -0800


Started GET "/assets/application.css?body=1" for 127.0.0.1 at 2015-02-17 20:38:11 -0800


Started GET "/assets/turbolinks.js?body=1" for 127.0.0.1 at 2015-02-17 20:38:11 -0800


Started GET "/assets/application.js?body=1" for 127.0.0.1 at 2015-02-17 20:38:11 -0800


Started GET "/assets/pages.js?body=1" for 127.0.0.1 at 2015-02-17 20:38:11 -0800


Started GET "/" for 127.0.0.1 at 2015-02-17 20:38:12 -0800
Processing by PagesController#home as HTML
  Rendered pages/home.html.erb within layouts/application (0.0ms)
Completed 200 OK in 43ms (Views: 42.6ms | ActiveRecord: 0.0ms)


Started GET "/about" for 127.0.0.1 at 2015-02-17 20:38:13 -0800
Processing by PagesController#about as HTML
  Rendered pages/about.html.erb within layouts/application (0.1ms)
Completed 200 OK in 47ms (Views: 46.8ms | ActiveRecord: 0.0ms)


Started GET "/" for 127.0.0.1 at 2015-02-17 20:38:14 -0800
Processing by PagesController#home as HTML
  Rendered pages/home.html.erb within layouts/application (0.0ms)
Completed 200 OK in 43ms (Views: 42.7ms | ActiveRecord: 0.0ms)


Started GET "/about" for 127.0.0.1 at 2015-02-17 20:38:17 -0800
Processing by PagesController#about as HTML
  Rendered pages/about.html.erb within layouts/application (0.1ms)
Completed 200 OK in 45ms (Views: 44.9ms | ActiveRecord: 0.0ms)


Started GET "/" for 127.0.0.1 at 2015-02-17 20:38:18 -0800
Processing by PagesController#home as HTML
  Rendered pages/home.html.erb within layouts/application (0.1ms)
Completed 200 OK in 51ms (Views: 50.6ms | ActiveRecord: 0.0ms)


Started GET "/about" for 127.0.0.1 at 2015-02-17 20:38:19 -0800
Processing by PagesController#about as HTML
  Rendered pages/about.html.erb within layouts/application (0.1ms)
Completed 200 OK in 44ms (Views: 44.0ms | ActiveRecord: 0.0ms)


Started GET "/" for 127.0.0.1 at 2015-02-19 02:40:50 -0800
Processing by PagesController#home as HTML
  Rendered pages/home.html.erb within layouts/application (1.4ms)
Completed 200 OK in 116ms (Views: 105.7ms | ActiveRecord: 0.0ms)


Started GET "/" for 127.0.0.1 at 2015-02-19 02:40:51 -0800
Processing by PagesController#home as HTML
  Rendered pages/home.html.erb within layouts/application (0.0ms)
Completed 200 OK in 37ms (Views: 36.2ms | ActiveRecord: 0.0ms)


Started GET "/assets/landing.css?body=1" for 127.0.0.1 at 2015-02-19 02:40:51 -0800


Started GET "/assets/application.css?body=1" for 127.0.0.1 at 2015-02-19 02:40:51 -0800


Started GET "/assets/pages.css?body=1" for 127.0.0.1 at 2015-02-19 02:40:51 -0800


Started GET "/assets/bootstrap.min.css?body=1" for 127.0.0.1 at 2015-02-19 02:40:51 -0800


Started GET "/assets/pages.js?body=1" for 127.0.0.1 at 2015-02-19 02:40:51 -0800


Started GET "/assets/bootstrap.min.js?body=1" for 127.0.0.1 at 2015-02-19 02:40:51 -0800


Started GET "/assets/jquery_ujs.js?body=1" for 127.0.0.1 at 2015-02-19 02:40:51 -0800


Started GET "/assets/turbolinks.js?body=1" for 127.0.0.1 at 2015-02-19 02:40:51 -0800


Started GET "/assets/jquery.js?body=1" for 127.0.0.1 at 2015-02-19 02:40:51 -0800


Started GET "/assets/application.js?body=1" for 127.0.0.1 at 2015-02-19 02:40:51 -0800


Started GET "/assets/banner-bg.jpg" for 127.0.0.1 at 2015-02-19 02:40:51 -0800


Started GET "/" for 127.0.0.1 at 2015-02-22 16:32:06 -0800
Processing by PagesController#home as HTML
  Rendered pages/home.html.erb within layouts/application (1.4ms)
Completed 200 OK in 119ms (Views: 109.9ms | ActiveRecord: 0.0ms)


Started GET "/assets/landing.css?body=1" for 127.0.0.1 at 2015-02-22 16:32:06 -0800


Started GET "/assets/pages.css?body=1" for 127.0.0.1 at 2015-02-22 16:32:06 -0800


Started GET "/assets/application.css?body=1" for 127.0.0.1 at 2015-02-22 16:32:06 -0800


Started GET "/" for 127.0.0.1 at 2015-02-22 16:32:06 -0800
Processing by PagesController#home as HTML
  Rendered pages/home.html.erb within layouts/application (0.0ms)
Completed 200 OK in 39ms (Views: 38.6ms | ActiveRecord: 0.0ms)


Started GET "/assets/landing.css?body=1" for 127.0.0.1 at 2015-02-22 16:32:07 -0800


Started GET "/assets/pages.css?body=1" for 127.0.0.1 at 2015-02-22 16:32:07 -0800


Started GET "/assets/application.css?body=1" for 127.0.0.1 at 2015-02-22 16:32:07 -0800


Started GET "/assets/bootstrap.min.css?body=1" for 127.0.0.1 at 2015-02-22 16:32:07 -0800


Started GET "/assets/jquery_ujs.js?body=1" for 127.0.0.1 at 2015-02-22 16:32:07 -0800


Started GET "/assets/jquery.js?body=1" for 127.0.0.1 at 2015-02-22 16:32:07 -0800


Started GET "/assets/turbolinks.js?body=1" for 127.0.0.1 at 2015-02-22 16:32:07 -0800


Started GET "/assets/bootstrap.min.js?body=1" for 127.0.0.1 at 2015-02-22 16:32:07 -0800


Started GET "/assets/application.js?body=1" for 127.0.0.1 at 2015-02-22 16:32:07 -0800


Started GET "/assets/pages.js?body=1" for 127.0.0.1 at 2015-02-22 16:32:07 -0800


Started GET "/assets/banner-bg.jpg" for 127.0.0.1 at 2015-02-22 16:32:07 -0800


Started GET "/about" for 127.0.0.1 at 2015-02-22 16:32:27 -0800
Processing by PagesController#about as HTML
  Rendered pages/about.html.erb within layouts/application (0.4ms)
Completed 200 OK in 47ms (Views: 46.6ms | ActiveRecord: 0.0ms)


Started GET "/assets/me.jpg" for 127.0.0.1 at 2015-02-22 16:32:27 -0800
